android/app/build/intermediates/manifest_merge_blame_file/debug/processDebugMainManifest/manifest-merger-blame-debug-report.txt
1<?xml version="1.0" encoding="utf-8"?>
2<manifest xmlns:android="http://schemas.android.com/apk/res/android"
3    package="com.example.bharghavi"
4    android:versionCode="1"
5    android:versionName="1.0.0" >
6
7    <uses-sdk
8        android:minSdkVersion="23"
9        android:targetSdkVersion="34" />
10    <!--
11         The INTERNET permission is required for development. Specifically,
12         the Flutter tool needs it to communicate with the running application
13         to allow setting breakpoints, to provide hot reload, etc.
14    -->
15    <uses-permission android:name="android.permission.INTERNET" />
15-->src\main\AndroidManifest.xml:4:5-66
15-->src\main\AndroidManifest.xml:4:22-64
16    <!-- For Android 12 and below -->
17    <uses-permission
17-->src\main\AndroidManifest.xml:7:5-8:38
18        android:name="android.permission.READ_EXTERNAL_STORAGE"
18-->src\main\AndroidManifest.xml:7:22-77
19        android:maxSdkVersion="32" />
19-->src\main\AndroidManifest.xml:8:9-35
20    <uses-permission
20-->src\main\AndroidManifest.xml:9:5-10:38
21        android:name="android.permission.WRITE_EXTERNAL_STORAGE"
21-->src\main\AndroidManifest.xml:9:22-78
22        android:maxSdkVersion="32" /> <!-- For Android 13+ -->
22-->src\main\AndroidManifest.xml:10:9-35
23    <uses-permission android:name="android.permission.READ_MEDIA_IMAGES" />
23-->src\main\AndroidManifest.xml:13:5-76
23-->src\main\AndroidManifest.xml:13:22-73
24    <uses-permission android:name="android.permission.READ_MEDIA_VIDEO" />
24-->src\main\AndroidManifest.xml:14:5-75
24-->src\main\AndroidManifest.xml:14:22-72
25    <uses-permission android:name="android.permission.CAMERA" />
25-->src\main\AndroidManifest.xml:16:5-64
25-->src\main\AndroidManifest.xml:16:22-62
26
27    <queries>
27-->src\main\AndroidManifest.xml:48:5-53:15
28        <intent>
28-->src\main\AndroidManifest.xml:49:9-52:18
29            <action android:name="android.intent.action.PROCESS_TEXT" />
29-->src\main\AndroidManifest.xml:50:13-72
29-->src\main\AndroidManifest.xml:50:21-70
30
31            <data android:mimeType="text/plain" />
31-->src\main\AndroidManifest.xml:51:13-50
31-->src\main\AndroidManifest.xml:51:19-48
32        </intent>
33        <intent>
33-->[com.razorpay:standard-core:1.6.53] AndroidManifest.xml:11:9-17:18
34            <action android:name="android.intent.action.VIEW" />
34-->[com.google.firebase:firebase-auth:23.2.1] AndroidManifest.xml:36:17-69
34-->[com.google.firebase:firebase-auth:23.2.1] AndroidManifest.xml:36:25-66
35
36            <data
36-->src\main\AndroidManifest.xml:51:13-50
37                android:mimeType="*/*"
37-->src\main\AndroidManifest.xml:51:19-48
38                android:scheme="*" />
39        </intent>
40        <intent>
40-->[com.razorpay:standard-core:1.6.53] AndroidManifest.xml:18:9-27:18
41            <action android:name="android.intent.action.VIEW" />
41-->[com.google.firebase:firebase-auth:23.2.1] AndroidManifest.xml:36:17-69
41-->[com.google.firebase:firebase-auth:23.2.1] AndroidManifest.xml:36:25-66
42
43            <category android:name="android.intent.category.BROWSABLE" />
43-->[com.google.firebase:firebase-auth:23.2.1] AndroidManifest.xml:39:17-78
43-->[com.google.firebase:firebase-auth:23.2.1] AndroidManifest.xml:39:27-75
44
45            <data
45-->src\main\AndroidManifest.xml:51:13-50
46                android:host="pay"
47                android:mimeType="*/*"
47-->src\main\AndroidManifest.xml:51:19-48
48                android:scheme="upi" />
49        </intent>
50        <intent>
50-->[com.razorpay:standard-core:1.6.53] AndroidManifest.xml:28:9-30:18
51            <action android:name="android.intent.action.MAIN" />
51-->src\main\AndroidManifest.xml:38:17-68
51-->src\main\AndroidManifest.xml:38:25-66
52        </intent>
53        <intent>
53-->[com.razorpay:standard-core:1.6.53] AndroidManifest.xml:31:9-35:18
54            <action android:name="android.intent.action.SEND" />
54-->[com.razorpay:standard-core:1.6.53] AndroidManifest.xml:32:13-65
54-->[com.razorpay:standard-core:1.6.53] AndroidManifest.xml:32:21-62
55
56            <data android:mimeType="*/*" />
56-->src\main\AndroidManifest.xml:51:13-50
56-->src\main\AndroidManifest.xml:51:19-48
57        </intent>
58        <intent>
58-->[com.razorpay:standard-core:1.6.53] AndroidManifest.xml:36:9-38:18
59            <action android:name="rzp.device_token.share" />
59-->[com.razorpay:standard-core:1.6.53] AndroidManifest.xml:37:13-61
59-->[com.razorpay:standard-core:1.6.53] AndroidManifest.xml:37:21-58
60        </intent>
61    </queries>
62
63    <uses-permission android:name="android.permission.ACCESS_NETWORK_STATE" />
63-->[com.google.firebase:firebase-auth:23.2.1] AndroidManifest.xml:26:5-79
63-->[com.google.firebase:firebase-auth:23.2.1] AndroidManifest.xml:26:22-76
64    <uses-permission android:name="android.permission.WAKE_LOCK" /> <!-- Required by older versions of Google Play services to create IID tokens -->
64-->[com.google.firebase:firebase-iid:21.1.0] AndroidManifest.xml:24:5-68
64-->[com.google.firebase:firebase-iid:21.1.0] AndroidManifest.xml:24:22-65
65    <uses-permission android:name="com.google.android.c2dm.permission.RECEIVE" />
65-->[com.google.firebase:firebase-iid:21.1.0] AndroidManifest.xml:26:5-82
65-->[com.google.firebase:firebase-iid:21.1.0] AndroidManifest.xml:26:22-79
66    <uses-permission android:name="com.google.android.providers.gsf.permission.READ_GSERVICES" />
66-->[com.google.android.recaptcha:recaptcha:18.6.1] AndroidManifest.xml:9:5-98
66-->[com.google.android.recaptcha:recaptcha:18.6.1] AndroidManifest.xml:9:22-95
67
68    <uses-feature
68-->[com.google.android.gms:play-services-maps:17.0.0] AndroidManifest.xml:26:5-28:35
69        android:glEsVersion="0x00020000"
69-->[com.google.android.gms:play-services-maps:17.0.0] AndroidManifest.xml:27:9-41
70        android:required="true" />
70-->[com.google.android.gms:play-services-maps:17.0.0] AndroidManifest.xml:28:9-32
71
72    <permission
72-->[androidx.core:core:1.13.1] AndroidManifest.xml:22:5-24:47
73        android:name="com.example.bharghavi.DYNAMIC_RECEIVER_NOT_EXPORTED_PERMISSION"
73-->[androidx.core:core:1.13.1] AndroidManifest.xml:23:9-81
74        android:protectionLevel="signature" />
74-->[androidx.core:core:1.13.1] AndroidManifest.xml:24:9-44
75
76    <uses-permission android:name="com.example.bharghavi.DYNAMIC_RECEIVER_NOT_EXPORTED_PERMISSION" />
76-->[androidx.core:core:1.13.1] AndroidManifest.xml:26:5-97
76-->[androidx.core:core:1.13.1] AndroidManifest.xml:26:22-94
77
78    <application
78-->src\main\AndroidManifest.xml:18:5-46:19
79        android:appComponentFactory="androidx.core.app.CoreComponentFactory"
79-->[androidx.core:core:1.13.1] AndroidManifest.xml:28:18-86
80        android:debuggable="true"
81        android:extractNativeLibs="false"
82        android:icon="@mipmap/ic_launcher"
82-->src\main\AndroidManifest.xml:20:9-43
83        android:label="bharghavi"
83-->src\main\AndroidManifest.xml:19:9-34
84        android:requestLegacyExternalStorage="true" >
84-->src\main\AndroidManifest.xml:21:9-52
85        <activity
85-->src\main\AndroidManifest.xml:23:9-41:20
86            android:name="com.example.bharghavi.MainActivity"
86-->src\main\AndroidManifest.xml:24:13-41
87            android:configChanges="orientation|keyboardHidden|keyboard|screenSize|smallestScreenSize|locale|layoutDirection|fontScale|screenLayout|density|uiMode"
87-->src\main\AndroidManifest.xml:29:13-163
88            android:exported="true"
88-->src\main\AndroidManifest.xml:25:13-36
89            android:hardwareAccelerated="true"
89-->src\main\AndroidManifest.xml:30:13-47
90            android:launchMode="singleTop"
90-->src\main\AndroidManifest.xml:26:13-43
91            android:taskAffinity=""
91-->src\main\AndroidManifest.xml:27:13-36
92            android:theme="@style/LaunchTheme"
92-->src\main\AndroidManifest.xml:28:13-47
93            android:windowSoftInputMode="adjustResize" >
93-->src\main\AndroidManifest.xml:31:13-55
94            <meta-data
94-->src\main\AndroidManifest.xml:33:13-35:57
95                android:name="io.flutter.embedding.android.NormalTheme"
95-->src\main\AndroidManifest.xml:34:17-72
96                android:resource="@style/NormalTheme" />
96-->src\main\AndroidManifest.xml:35:17-54
97
98            <intent-filter>
98-->src\main\AndroidManifest.xml:37:13-40:29
99                <action android:name="android.intent.action.MAIN" />
99-->src\main\AndroidManifest.xml:38:17-68
99-->src\main\AndroidManifest.xml:38:25-66
100
101                <category android:name="android.intent.category.LAUNCHER" />
101-->src\main\AndroidManifest.xml:39:17-76
101-->src\main\AndroidManifest.xml:39:27-74
102            </intent-filter>
103        </activity>
104
105        <meta-data
105-->src\main\AndroidManifest.xml:43:9-45:33
106            android:name="flutterEmbedding"
106-->src\main\AndroidManifest.xml:44:13-44
107            android:value="2" />
107-->src\main\AndroidManifest.xml:45:13-30
108
109        <service
109-->[:cloud_functions] AndroidManifest.xml:8:9-12:19
110            android:name="com.google.firebase.components.ComponentDiscoveryService"
110-->[:cloud_functions] AndroidManifest.xml:8:18-89
111            android:directBootAware="true"
111-->[com.google.firebase:firebase-common:21.0.0] AndroidManifest.xml:32:13-43
112            android:exported="false" >
112-->[com.google.firebase:firebase-auth:23.2.1] AndroidManifest.xml:68:13-37
113            <meta-data
113-->[:cloud_functions] AndroidManifest.xml:9:13-11:85
114                android:name="com.google.firebase.components:io.flutter.plugins.firebase.functions.FlutterFirebaseAppRegistrar"
114-->[:cloud_functions] AndroidManifest.xml:10:17-128
115                android:value="com.google.firebase.components.ComponentRegistrar" />
115-->[:cloud_functions] AndroidManifest.xml:11:17-82
116            <meta-data
116-->[:cloud_firestore] AndroidManifest.xml:9:13-11:85
117                android:name="com.google.firebase.components:io.flutter.plugins.firebase.firestore.FlutterFirebaseFirestoreRegistrar"
117-->[:cloud_firestore] AndroidManifest.xml:10:17-134
118                android:value="com.google.firebase.components.ComponentRegistrar" />
118-->[:cloud_firestore] AndroidManifest.xml:11:17-82
119            <meta-data
119-->[:firebase_auth] AndroidManifest.xml:9:13-11:85
120                android:name="com.google.firebase.components:io.flutter.plugins.firebase.auth.FlutterFirebaseAuthRegistrar"
120-->[:firebase_auth] AndroidManifest.xml:10:17-124
121                android:value="com.google.firebase.components.ComponentRegistrar" />
121-->[:firebase_auth] AndroidManifest.xml:11:17-82
122            <meta-data
122-->[:firebase_storage] AndroidManifest.xml:9:13-11:85
123                android:name="com.google.firebase.components:io.flutter.plugins.firebase.storage.FlutterFirebaseAppRegistrar"
123-->[:firebase_storage] AndroidManifest.xml:10:17-126
124                android:value="com.google.firebase.components.ComponentRegistrar" />
124-->[:firebase_storage] AndroidManifest.xml:11:17-82
125            <meta-data
125-->[:firebase_core] AndroidManifest.xml:9:13-11:85
126                android:name="com.google.firebase.components:io.flutter.plugins.firebase.core.FlutterFirebaseCoreRegistrar"
126-->[:firebase_core] AndroidManifest.xml:10:17-124
127                android:value="com.google.firebase.components.ComponentRegistrar" />
127-->[:firebase_core] AndroidManifest.xml:11:17-82
128            <meta-data
128-->[com.google.firebase:firebase-auth:23.2.1] AndroidManifest.xml:69:13-71:85
129                android:name="com.google.firebase.components:com.google.firebase.auth.FirebaseAuthRegistrar"
129-->[com.google.firebase:firebase-auth:23.2.1] AndroidManifest.xml:70:17-109
130                android:value="com.google.firebase.components.ComponentRegistrar" />
130-->[com.google.firebase:firebase-auth:23.2.1] AndroidManifest.xml:71:17-82
131            <meta-data
131-->[com.google.firebase:firebase-firestore:25.1.4] AndroidManifest.xml:17:13-19:85
132                android:name="com.google.firebase.components:com.google.firebase.firestore.FirebaseFirestoreKtxRegistrar"
132-->[com.google.firebase:firebase-firestore:25.1.4] AndroidManifest.xml:18:17-122
133                android:value="com.google.firebase.components.ComponentRegistrar" />
133-->[com.google.firebase:firebase-firestore:25.1.4] AndroidManifest.xml:19:17-82
134            <meta-data
134-->[com.google.firebase:firebase-firestore:25.1.4] AndroidManifest.xml:20:13-22:85
135                android:name="com.google.firebase.components:com.google.firebase.firestore.FirestoreRegistrar"
135-->[com.google.firebase:firebase-firestore:25.1.4] AndroidManifest.xml:21:17-111
136                android:value="com.google.firebase.components.ComponentRegistrar" />
136-->[com.google.firebase:firebase-firestore:25.1.4] AndroidManifest.xml:22:17-82
137            <meta-data
137-->[com.google.firebase:firebase-functions:21.2.1] AndroidManifest.xml:15:13-17:85
138                android:name="com.google.firebase.components:com.google.firebase.functions.FirebaseFunctionsKtxRegistrar"
138-->[com.google.firebase:firebase-functions:21.2.1] AndroidManifest.xml:16:17-122
139                android:value="com.google.firebase.components.ComponentRegistrar" />
139-->[com.google.firebase:firebase-functions:21.2.1] AndroidManifest.xml:17:17-82
140            <meta-data
140-->[com.google.firebase:firebase-functions:21.2.1] AndroidManifest.xml:18:13-20:85
141                android:name="com.google.firebase.components:com.google.firebase.functions.FunctionsRegistrar"
141-->[com.google.firebase:firebase-functions:21.2.1] AndroidManifest.xml:19:17-111
142                android:value="com.google.firebase.components.ComponentRegistrar" />
142-->[com.google.firebase:firebase-functions:21.2.1] AndroidManifest.xml:20:17-82
143            <meta-data
143-->[com.google.firebase:firebase-storage:21.0.2] AndroidManifest.xml:30:13-32:85
144                android:name="com.google.firebase.components:com.google.firebase.storage.FirebaseStorageKtxRegistrar"
144-->[com.google.firebase:firebase-storage:21.0.2] AndroidManifest.xml:31:17-118
145                android:value="com.google.firebase.components.ComponentRegistrar" />
145-->[com.google.firebase:firebase-storage:21.0.2] AndroidManifest.xml:32:17-82
146            <meta-data
146-->[com.google.firebase:firebase-storage:21.0.2] AndroidManifest.xml:33:13-35:85
147                android:name="com.google.firebase.components:com.google.firebase.storage.StorageRegistrar"
147-->[com.google.firebase:firebase-storage:21.0.2] AndroidManifest.xml:34:17-107
148                android:value="com.google.firebase.components.ComponentRegistrar" />
148-->[com.google.firebase:firebase-storage:21.0.2] AndroidManifest.xml:35:17-82
149            <meta-data
149-->[com.google.firebase:firebase-appcheck:18.0.0] AndroidManifest.xml:25:13-27:85
150                android:name="com.google.firebase.components:com.google.firebase.appcheck.FirebaseAppCheckKtxRegistrar"
150-->[com.google.firebase:firebase-appcheck:18.0.0] AndroidManifest.xml:26:17-120
151                android:value="com.google.firebase.components.ComponentRegistrar" />
151-->[com.google.firebase:firebase-appcheck:18.0.0] AndroidManifest.xml:27:17-82
152            <meta-data
152-->[com.google.firebase:firebase-appcheck:18.0.0] AndroidManifest.xml:28:13-30:85
153                android:name="com.google.firebase.components:com.google.firebase.appcheck.FirebaseAppCheckRegistrar"
153-->[com.google.firebase:firebase-appcheck:18.0.0] AndroidManifest.xml:29:17-117
154                android:value="com.google.firebase.components.ComponentRegistrar" />
154-->[com.google.firebase:firebase-appcheck:18.0.0] AndroidManifest.xml:30:17-82
155            <meta-data
155-->[com.google.firebase:firebase-iid:21.1.0] AndroidManifest.xml:32:13-34:85
156                android:name="com.google.firebase.components:com.google.firebase.iid.Registrar"
156-->[com.google.firebase:firebase-iid:21.1.0] AndroidManifest.xml:33:17-96
157                android:value="com.google.firebase.components.ComponentRegistrar" />
157-->[com.google.firebase:firebase-iid:21.1.0] AndroidManifest.xml:34:17-82
158            <meta-data
158-->[com.google.firebase:firebase-installations:18.0.0] AndroidManifest.xml:15:13-17:85
159                android:name="com.google.firebase.components:com.google.firebase.installations.FirebaseInstallationsKtxRegistrar"
159-->[com.google.firebase:firebase-installations:18.0.0] AndroidManifest.xml:16:17-130
160                android:value="com.google.firebase.components.ComponentRegistrar" />
160-->[com.google.firebase:firebase-installations:18.0.0] AndroidManifest.xml:17:17-82
161            <meta-data
161-->[com.google.firebase:firebase-installations:18.0.0] AndroidManifest.xml:18:13-20:85
162                android:name="com.google.firebase.components:com.google.firebase.installations.FirebaseInstallationsRegistrar"
162-->[com.google.firebase:firebase-installations:18.0.0] AndroidManifest.xml:19:17-127
163                android:value="com.google.firebase.components.ComponentRegistrar" />
163-->[com.google.firebase:firebase-installations:18.0.0] AndroidManifest.xml:20:17-82
164            <meta-data
164-->[com.google.firebase:firebase-common-ktx:21.0.0] AndroidManifest.xml:12:13-14:85
165                android:name="com.google.firebase.components:com.google.firebase.ktx.FirebaseCommonLegacyRegistrar"
165-->[com.google.firebase:firebase-common-ktx:21.0.0] AndroidManifest.xml:13:17-116
166                android:value="com.google.firebase.components.ComponentRegistrar" />
166-->[com.google.firebase:firebase-common-ktx:21.0.0] AndroidManifest.xml:14:17-82
167            <meta-data
167-->[com.google.firebase:firebase-common:21.0.0] AndroidManifest.xml:35:13-37:85
168                android:name="com.google.firebase.components:com.google.firebase.FirebaseCommonKtxRegistrar"
168-->[com.google.firebase:firebase-common:21.0.0] AndroidManifest.xml:36:17-109
169                android:value="com.google.firebase.components.ComponentRegistrar" />
169-->[com.google.firebase:firebase-common:21.0.0] AndroidManifest.xml:37:17-82
170        </service>
171
172        <provider
172-->[:image_picker_android] AndroidManifest.xml:9:9-17:20
173            android:name="io.flutter.plugins.imagepicker.ImagePickerFileProvider"
173-->[:image_picker_android] AndroidManifest.xml:10:13-82
174            android:authorities="com.example.bharghavi.flutter.image_provider"
174-->[:image_picker_android] AndroidManifest.xml:11:13-74
175            android:exported="false"
175-->[:image_picker_android] AndroidManifest.xml:12:13-37
176            android:grantUriPermissions="true" >
176-->[:image_picker_android] AndroidManifest.xml:13:13-47
177            <meta-data
177-->[:image_picker_android] AndroidManifest.xml:14:13-16:75
178                android:name="android.support.FILE_PROVIDER_PATHS"
178-->[:image_picker_android] AndroidManifest.xml:15:17-67
179                android:resource="@xml/flutter_image_picker_file_paths" />
179-->[:image_picker_android] AndroidManifest.xml:16:17-72
180        </provider> <!-- Trigger Google Play services to install the backported photo picker module. -->
181        <service
181-->[:image_picker_android] AndroidManifest.xml:19:9-31:19
182            android:name="com.google.android.gms.metadata.ModuleDependencies"
182-->[:image_picker_android] AndroidManifest.xml:20:13-78
183            android:enabled="false"
183-->[:image_picker_android] AndroidManifest.xml:21:13-36
184            android:exported="false" >
184-->[:image_picker_android] AndroidManifest.xml:22:13-37
185            <intent-filter>
185-->[:image_picker_android] AndroidManifest.xml:24:13-26:29
186                <action android:name="com.google.android.gms.metadata.MODULE_DEPENDENCIES" />
186-->[:image_picker_android] AndroidManifest.xml:25:17-94
186-->[:image_picker_android] AndroidManifest.xml:25:25-91
187            </intent-filter>
188
189            <meta-data
189-->[:image_picker_android] AndroidManifest.xml:28:13-30:36
190                android:name="photopicker_activity:0:required"
190-->[:image_picker_android] AndroidManifest.xml:29:17-63
191                android:value="" />
191-->[:image_picker_android] AndroidManifest.xml:30:17-33
192        </service>
193
194        <activity
194-->[:url_launcher_android] AndroidManifest.xml:8:9-11:74
195            android:name="io.flutter.plugins.urllauncher.WebViewActivity"
195-->[:url_launcher_android] AndroidManifest.xml:9:13-74
196            android:exported="false"
196-->[:url_launcher_android] AndroidManifest.xml:10:13-37
197            android:theme="@android:style/Theme.NoTitleBar.Fullscreen" />
197-->[:url_launcher_android] AndroidManifest.xml:11:13-71
198        <activity
198-->[com.google.firebase:firebase-auth:23.2.1] AndroidManifest.xml:29:9-46:20
199            android:name="com.google.firebase.auth.internal.GenericIdpActivity"
199-->[com.google.firebase:firebase-auth:23.2.1] AndroidManifest.xml:30:13-80
200            android:excludeFromRecents="true"
200-->[com.google.firebase:firebase-auth:23.2.1] AndroidManifest.xml:31:13-46
201            android:exported="true"
201-->[com.google.firebase:firebase-auth:23.2.1] AndroidManifest.xml:32:13-36
202            android:launchMode="singleTask"
202-->[com.google.firebase:firebase-auth:23.2.1] AndroidManifest.xml:33:13-44
203            android:theme="@android:style/Theme.Translucent.NoTitleBar" >
203-->[com.google.firebase:firebase-auth:23.2.1] AndroidManifest.xml:34:13-72
204            <intent-filter>
204-->[com.google.firebase:firebase-auth:23.2.1] AndroidManifest.xml:35:13-45:29
205                <action android:name="android.intent.action.VIEW" />
205-->[com.google.firebase:firebase-auth:23.2.1] AndroidManifest.xml:36:17-69
205-->[com.google.firebase:firebase-auth:23.2.1] AndroidManifest.xml:36:25-66
206
207                <category android:name="android.intent.category.DEFAULT" />
207-->[com.google.firebase:firebase-auth:23.2.1] AndroidManifest.xml:38:17-76
207-->[com.google.firebase:firebase-auth:23.2.1] AndroidManifest.xml:38:27-73
208                <category android:name="android.intent.category.BROWSABLE" />
208-->[com.google.firebase:firebase-auth:23.2.1] AndroidManifest.xml:39:17-78
208-->[com.google.firebase:firebase-auth:23.2.1] AndroidManifest.xml:39:27-75
209
210                <data
210-->src\main\AndroidManifest.xml:51:13-50
211                    android:host="firebase.auth"
212                    android:path="/"
213                    android:scheme="genericidp" />
214            </intent-filter>
215        </activity>
216        <activity
216-->[com.google.firebase:firebase-auth:23.2.1] AndroidManifest.xml:47:9-64:20
217            android:name="com.google.firebase.auth.internal.RecaptchaActivity"
217-->[com.google.firebase:firebase-auth:23.2.1] AndroidManifest.xml:48:13-79
218            android:excludeFromRecents="true"
218-->[com.google.firebase:firebase-auth:23.2.1] AndroidManifest.xml:49:13-46
219            android:exported="true"
219-->[com.google.firebase:firebase-auth:23.2.1] AndroidManifest.xml:50:13-36
220            android:launchMode="singleTask"
220-->[com.google.firebase:firebase-auth:23.2.1] AndroidManifest.xml:51:13-44
221            android:theme="@android:style/Theme.Translucent.NoTitleBar" >
221-->[com.google.firebase:firebase-auth:23.2.1] AndroidManifest.xml:52:13-72
222            <intent-filter>
222-->[com.google.firebase:firebase-auth:23.2.1] AndroidManifest.xml:53:13-63:29
223                <action android:name="android.intent.action.VIEW" />
223-->[com.google.firebase:firebase-auth:23.2.1] AndroidManifest.xml:36:17-69
223-->[com.google.firebase:firebase-auth:23.2.1] AndroidManifest.xml:36:25-66
224
225                <category android:name="android.intent.category.DEFAULT" />
225-->[com.google.firebase:firebase-auth:23.2.1] AndroidManifest.xml:38:17-76
225-->[com.google.firebase:firebase-auth:23.2.1] AndroidManifest.xml:38:27-73
226                <category android:name="android.intent.category.BROWSABLE" />
226-->[com.google.firebase:firebase-auth:23.2.1] AndroidManifest.xml:39:17-78
226-->[com.google.firebase:firebase-auth:23.2.1] AndroidManifest.xml:39:27-75
227
228                <data
228-->src\main\AndroidManifest.xml:51:13-50
229                    android:host="firebase.auth"
230                    android:path="/"
231                    android:scheme="recaptcha" />
232            </intent-filter>
233        </activity>
234
235        <uses-library
235-->[androidx.window:window:1.2.0] AndroidManifest.xml:23:9-25:40
236            android:name="androidx.window.extensions"
236-->[androidx.window:window:1.2.0] AndroidManifest.xml:24:13-54
237            android:required="false" />
237-->[androidx.window:window:1.2.0] AndroidManifest.xml:25:13-37
238        <uses-library
238-->[androidx.window:window:1.2.0] AndroidManifest.xml:26:9-28:40
239            android:name="androidx.window.sidecar"
239-->[androidx.window:window:1.2.0] AndroidManifest.xml:27:13-51
240            android:required="false" />
240-->[androidx.window:window:1.2.0] AndroidManifest.xml:28:13-37
241
242        <activity
242-->[com.razorpay:standard-core:1.6.53] AndroidManifest.xml:42:9-50:20
243            android:name="com.razorpay.CheckoutActivity"
243-->[com.razorpay:standard-core:1.6.53] AndroidManifest.xml:43:13-57
244            android:configChanges="keyboard|keyboardHidden|orientation|screenSize"
244-->[com.razorpay:standard-core:1.6.53] AndroidManifest.xml:44:13-83
245            android:exported="false"
245-->[com.razorpay:standard-core:1.6.53] AndroidManifest.xml:45:13-37
246            android:theme="@style/CheckoutTheme" >
246-->[com.razorpay:standard-core:1.6.53] AndroidManifest.xml:46:13-49
247            <intent-filter>
247-->[com.razorpay:standard-core:1.6.53] AndroidManifest.xml:47:13-49:29
248                <action android:name="android.intent.action.MAIN" />
248-->src\main\AndroidManifest.xml:38:17-68
248-->src\main\AndroidManifest.xml:38:25-66
249            </intent-filter>
250        </activity>
251
252        <provider
252-->[com.razorpay:standard-core:1.6.53] AndroidManifest.xml:52:9-60:20
253            android:name="androidx.startup.InitializationProvider"
253-->[com.razorpay:standard-core:1.6.53] AndroidManifest.xml:53:13-67
254            android:authorities="com.example.bharghavi.androidx-startup"
254-->[com.razorpay:standard-core:1.6.53] AndroidManifest.xml:54:13-68
255            android:exported="false" >
255-->[com.razorpay:standard-core:1.6.53] AndroidManifest.xml:55:13-37
256            <meta-data
256-->[com.razorpay:standard-core:1.6.53] AndroidManifest.xml:57:13-59:52
257                android:name="com.razorpay.RazorpayInitializer"
257-->[com.razorpay:standard-core:1.6.53] AndroidManifest.xml:58:17-64
258                android:value="androidx.startup" />
258-->[com.razorpay:standard-core:1.6.53] AndroidManifest.xml:59:17-49
259            <meta-data
259-->[androidx.lifecycle:lifecycle-process:2.7.0] AndroidManifest.xml:29:13-31:52
260                android:name="androidx.lifecycle.ProcessLifecycleInitializer"
260-->[androidx.lifecycle:lifecycle-process:2.7.0] AndroidManifest.xml:30:17-78
261                android:value="androidx.startup" />
261-->[androidx.lifecycle:lifecycle-process:2.7.0] AndroidManifest.xml:31:17-49
262            <meta-data
262-->[androidx.profileinstaller:profileinstaller:1.4.0] AndroidManifest.xml:29:13-31:52
263                android:name="androidx.profileinstaller.ProfileInstallerInitializer"
263-->[androidx.profileinstaller:profileinstaller:1.4.0] AndroidManifest.xml:30:17-85
264                android:value="androidx.startup" />
264-->[androidx.profileinstaller:profileinstaller:1.4.0] AndroidManifest.xml:31:17-49
265        </provider>
266
267        <activity
267-->[com.razorpay:standard-core:1.6.53] AndroidManifest.xml:62:9-65:75
268            android:name="com.razorpay.MagicXActivity"
268-->[com.razorpay:standard-core:1.6.53] AndroidManifest.xml:63:13-55
269            android:exported="false"
269-->[com.razorpay:standard-core:1.6.53] AndroidManifest.xml:64:13-37
270            android:theme="@android:style/Theme.Translucent.NoTitleBar" />
270-->[com.razorpay:standard-core:1.6.53] AndroidManifest.xml:65:13-72
271
272        <meta-data
272-->[com.razorpay:standard-core:1.6.53] AndroidManifest.xml:67:9-69:58
273            android:name="com.razorpay.plugin.googlepay_all"
273-->[com.razorpay:standard-core:1.6.53] AndroidManifest.xml:68:13-61
274            android:value="com.razorpay.RzpGpayMerged" />
274-->[com.razorpay:standard-core:1.6.53] AndroidManifest.xml:69:13-55
275
276        <service
276-->[androidx.credentials:credentials-play-services-auth:1.2.0-rc01] AndroidManifest.xml:24:9-32:19
277            android:name="androidx.credentials.playservices.CredentialProviderMetadataHolder"
277-->[androidx.credentials:credentials-play-services-auth:1.2.0-rc01] AndroidManifest.xml:25:13-94
278            android:enabled="true"
278-->[androidx.credentials:credentials-play-services-auth:1.2.0-rc01] AndroidManifest.xml:26:13-35
279            android:exported="false" >
279-->[androidx.credentials:credentials-play-services-auth:1.2.0-rc01] AndroidManifest.xml:27:13-37
280            <meta-data
280-->[androidx.credentials:credentials-play-services-auth:1.2.0-rc01] AndroidManifest.xml:29:13-31:104
281                android:name="androidx.credentials.CREDENTIAL_PROVIDER_KEY"
281-->[androidx.credentials:credentials-play-services-auth:1.2.0-rc01] AndroidManifest.xml:30:17-76
282                android:value="androidx.credentials.playservices.CredentialProviderPlayServicesImpl" />
282-->[androidx.credentials:credentials-play-services-auth:1.2.0-rc01] AndroidManifest.xml:31:17-101
283        </service>
284
285        <activity